2024-08-02 15:17:53 [restartedMain] INFO  it.prometeo.SoapClientApplication - Starting SoapClientApplication using Java 21.0.1 with PID 17644 (C:\Prometeo\SoapPalm\target\classes started by fabrizio.bruno in C:\Prometeo\SoapPalm)
2024-08-02 15:17:53 [restartedMain] INFO  it.prometeo.SoapClientApplication - No active profile set, falling back to 1 default profile: "default"
2024-08-02 15:17:53 [restartedMain] INFO  o.s.b.d.restart.ChangeableUrls - The Class-Path manifest attribute in C:\Users\fabrizio.bruno\.m2\repository\com\sun\xml\ws\jaxws-rt\3.0.2\jaxws-rt-3.0.2.jar referenced one or more files that do not exist: file:/C:/Users/fabrizio.bruno/.m2/repository/com/sun/xml/ws/jaxws-rt/3.0.2/jakarta.annotation-api.jar,file:/C:/Users/fabrizio.bruno/.m2/repository/com/sun/xml/ws/jaxws-rt/3.0.2/jakarta.activation.jar,file:/C:/Users/fabrizio.bruno/.m2/repository/com/sun/xml/ws/jaxws-rt/3.0.2/jakarta.mail.jar,file:/C:/Users/fabrizio.bruno/.m2/repository/com/sun/xml/ws/jaxws-rt/3.0.2/jakarta.jws-api.jar,file:/C:/Users/fabrizio.bruno/.m2/repository/com/sun/xml/ws/jaxws-rt/3.0.2/jakarta.xml.bind-api.jar,file:/C:/Users/fabrizio.bruno/.m2/repository/com/sun/xml/ws/jaxws-rt/3.0.2/jakarta.xml.ws-api.jar,file:/C:/Users/fabrizio.bruno/.m2/repository/com/sun/xml/ws/jaxws-rt/3.0.2/jakarta.xml.soap-api.jar,file:/C:/Users/fabrizio.bruno/.m2/repository/com/sun/xml/ws/jaxws-rt/3.0.2/FastInfoset.jar,file:/C:/Users/fabrizio.bruno/.m2/repository/com/sun/xml/ws/jaxws-rt/3.0.2/gmbal-api-only.jar,file:/C:/Users/fabrizio.bruno/.m2/repository/com/sun/xml/ws/jaxws-rt/3.0.2/ha-api.jar,file:/C:/Users/fabrizio.bruno/.m2/repository/com/sun/xml/ws/jaxws-rt/3.0.2/jaxb-core.jar,file:/C:/Users/fabrizio.bruno/.m2/repository/com/sun/xml/ws/jaxws-rt/3.0.2/jaxb-impl.jar,file:/C:/Users/fabrizio.bruno/.m2/repository/com/sun/xml/ws/jaxws-rt/3.0.2/management-api.jar,file:/C:/Users/fabrizio.bruno/.m2/repository/com/sun/xml/ws/jaxws-rt/3.0.2/mimepull.jar,file:/C:/Users/fabrizio.bruno/.m2/repository/com/sun/xml/ws/jaxws-rt/3.0.2/saaj-impl.jar,file:/C:/Users/fabrizio.bruno/.m2/repository/com/sun/xml/ws/jaxws-rt/3.0.2/stax-ex.jar,file:/C:/Users/fabrizio.bruno/.m2/repository/com/sun/xml/ws/jaxws-rt/3.0.2/stax2-api.jar,file:/C:/Users/fabrizio.bruno/.m2/repository/com/sun/xml/ws/jaxws-rt/3.0.2/streambuffer.jar,file:/C:/Users/fabrizio.bruno/.m2/repository/com/sun/xml/ws/jaxws-rt/3.0.2/woodstox-core.jar
2024-08-02 15:17:53 [restartedMain] INFO  o.s.b.d.restart.ChangeableUrls - The Class-Path manifest attribute in C:\Users\fabrizio.bruno\.m2\repository\org\glassfish\ha\ha-api\3.1.13\ha-api-3.1.13.jar referenced one or more files that do not exist: file:/C:/Users/fabrizio.bruno/.m2/repository/org/glassfish/ha/ha-api/3.1.13/hk2.jar,file:/C:/Users/fabrizio.bruno/.m2/repository/org/glassfish/ha/ha-api/3.1.13/hk2-core.jar,file:/C:/Users/fabrizio.bruno/.m2/repository/org/glassfish/ha/ha-api/3.1.13/class-model.jar,file:/C:/Users/fabrizio.bruno/.m2/repository/org/glassfish/ha/ha-api/3.1.13/config-api.jar,file:/C:/Users/fabrizio.bruno/.m2/repository/org/glassfish/ha/ha-api/3.1.13/tiger-types.jar,file:/C:/Users/fabrizio.bruno/.m2/repository/org/glassfish/ha/ha-api/3.1.13/bean-validator.jar,file:/C:/Users/fabrizio.bruno/.m2/repository/org/glassfish/ha/ha-api/3.1.13/jtype.jar,file:/C:/Users/fabrizio.bruno/.m2/repository/org/glassfish/ha/ha-api/3.1.13/auto-depends.jar,file:/C:/Users/fabrizio.bruno/.m2/repository/org/glassfish/ha/ha-api/3.1.13/jakarta.inject-api.jar,file:/C:/Users/fabrizio.bruno/.m2/repository/org/glassfish/ha/ha-api/3.1.13/asm-all-repackaged.jar,file:/C:/Users/fabrizio.bruno/.m2/repository/org/glassfish/ha/ha-api/3.1.13/hk2-api.jar,file:/C:/Users/fabrizio.bruno/.m2/repository/org/glassfish/ha/ha-api/3.1.13/osgi-resource-locator.jar
2024-08-02 15:17:53 [restartedMain] INFO  o.s.b.d.restart.ChangeableUrls - The Class-Path manifest attribute in C:\Users\fabrizio.bruno\.m2\repository\com\sun\xml\bind\jaxb-core\2.3.0.1\jaxb-core-2.3.0.1.jar referenced one or more files that do not exist: file:/C:/Users/fabrizio.bruno/.m2/repository/com/sun/xml/bind/jaxb-core/2.3.0.1/jaxb-api.jar
2024-08-02 15:17:53 [restartedMain] INFO  o.s.b.d.restart.ChangeableUrls - The Class-Path manifest attribute in C:\Users\fabrizio.bruno\.m2\repository\com\oracle\database\jdbc\ojdbc8\19.8.0.0\ojdbc8-19.8.0.0.jar referenced one or more files that do not exist: file:/C:/Users/fabrizio.bruno/.m2/repository/com/oracle/database/jdbc/ojdbc8/19.8.0.0/oraclepki.jar
2024-08-02 15:17:53 [restartedMain] INFO  o.s.b.d.e.DevToolsPropertyDefaultsPostProcessor - Devtools property defaults active! Set 'spring.devtools.add-properties' to 'false' to disable
2024-08-02 15:17:55 [restartedMain] WARN  o.s.c.a.AnnotationConfigApplicationContext - Exception encountered during context initialization - cancelling refresh attempt: java.lang.IllegalStateException: Error processing condition on org.springframework.boot.autoconfigure.context.PropertyPlaceholderAutoConfiguration.propertySourcesPlaceholderConfigurer
2024-08-02 15:17:55 [restartedMain] INFO  o.s.b.a.l.ConditionEvaluationReportLogger - 

Error starting ApplicationContext. To display the condition evaluation report re-run your application with 'debug' enabled.
2024-08-02 15:17:55 [restartedMain] ERROR o.s.boot.SpringApplication - Application run failed
java.lang.IllegalStateException: Error processing condition on org.springframework.boot.autoconfigure.context.PropertyPlaceholderAutoConfiguration.propertySourcesPlaceholderConfigurer
	at org.springframework.boot.autoconfigure.condition.SpringBootCondition.matches(SpringBootCondition.java:60)
	at org.springframework.context.annotation.ConditionEvaluator.shouldSkip(ConditionEvaluator.java:108)
	at org.springframework.context.annotation.ConfigurationClassBeanDefinitionReader.loadBeanDefinitionsForBeanMethod(ConfigurationClassBeanDefinitionReader.java:183)
	at org.springframework.context.annotation.ConfigurationClassBeanDefinitionReader.loadBeanDefinitionsForConfigurationClass(ConfigurationClassBeanDefinitionReader.java:144)
	at org.springframework.context.annotation.ConfigurationClassBeanDefinitionReader.loadBeanDefinitions(ConfigurationClassBeanDefinitionReader.java:120)
	at org.springframework.context.annotation.ConfigurationClassPostProcessor.processConfigBeanDefinitions(ConfigurationClassPostProcessor.java:429)
	at org.springframework.context.annotation.ConfigurationClassPostProcessor.postProcessBeanDefinitionRegistry(ConfigurationClassPostProcessor.java:290)
	at org.springframework.context.support.PostProcessorRegistrationDelegate.invokeBeanDefinitionRegistryPostProcessors(PostProcessorRegistrationDelegate.java:349)
	at org.springframework.context.support.PostProcessorRegistrationDelegate.invokeBeanFactoryPostProcessors(PostProcessorRegistrationDelegate.java:118)
	at org.springframework.context.support.AbstractApplicationContext.invokeBeanFactoryPostProcessors(AbstractApplicationContext.java:788)
	at org.springframework.context.support.AbstractApplicationContext.refresh(AbstractApplicationContext.java:606)
	at org.springframework.boot.SpringApplication.refresh(SpringApplication.java:754)
	at org.springframework.boot.SpringApplication.refreshContext(SpringApplication.java:456)
	at org.springframework.boot.SpringApplication.run(SpringApplication.java:335)
	at org.springframework.boot.SpringApplication.run(SpringApplication.java:1363)
	at org.springframework.boot.SpringApplication.run(SpringApplication.java:1352)
	at it.prometeo.SoapClientApplication.main(SoapClientApplication.java:14)
	at java.base/jdk.internal.reflect.DirectMethodHandleAccessor.invoke(DirectMethodHandleAccessor.java:103)
	at java.base/java.lang.reflect.Method.invoke(Method.java:580)
	at org.springframework.boot.devtools.restart.RestartLauncher.run(RestartLauncher.java:50)
Caused by: java.lang.IllegalStateException: Failed to introspect Class [it.prometeo.SpringbootSoapServer.Config.SoapWebServiceConfig] from ClassLoader [org.springframework.boot.devtools.restart.classloader.RestartClassLoader@78c29700]
	at org.springframework.util.ReflectionUtils.getDeclaredMethods(ReflectionUtils.java:483)
	at org.springframework.util.ReflectionUtils.doWithMethods(ReflectionUtils.java:360)
	at org.springframework.util.ReflectionUtils.getUniqueDeclaredMethods(ReflectionUtils.java:417)
	at org.springframework.beans.factory.support.AbstractAutowireCapableBeanFactory.lambda$getTypeForFactoryMethod$1(AbstractAutowireCapableBeanFactory.java:750)
	at java.base/java.util.concurrent.ConcurrentHashMap.computeIfAbsent(ConcurrentHashMap.java:1708)
	at org.springframework.beans.factory.support.AbstractAutowireCapableBeanFactory.getTypeForFactoryMethod(AbstractAutowireCapableBeanFactory.java:749)
	at org.springframework.beans.factory.support.AbstractAutowireCapableBeanFactory.determineTargetType(AbstractAutowireCapableBeanFactory.java:682)
	at org.springframework.beans.factory.support.AbstractAutowireCapableBeanFactory.predictBeanType(AbstractAutowireCapableBeanFactory.java:653)
	at org.springframework.beans.factory.support.AbstractBeanFactory.isFactoryBean(AbstractBeanFactory.java:1676)
	at org.springframework.beans.factory.support.DefaultListableBeanFactory.doGetBeanNamesForType(DefaultListableBeanFactory.java:562)
	at org.springframework.beans.factory.support.DefaultListableBeanFactory.getBeanNamesForType(DefaultListableBeanFactory.java:534)
	at org.springframework.boot.autoconfigure.condition.OnBeanCondition.collectBeanNamesForType(OnBeanCondition.java:247)
	at org.springframework.boot.autoconfigure.condition.OnBeanCondition.getBeanNamesForType(OnBeanCondition.java:240)
	at org.springframework.boot.autoconfigure.condition.OnBeanCondition.getBeanNamesForType(OnBeanCondition.java:230)
	at org.springframework.boot.autoconfigure.condition.OnBeanCondition.getMatchingBeans(OnBeanCondition.java:183)
	at org.springframework.boot.autoconfigure.condition.OnBeanCondition.getMatchOutcome(OnBeanCondition.java:158)
	at org.springframework.boot.autoconfigure.condition.SpringBootCondition.matches(SpringBootCondition.java:47)
	... 19 common frames omitted
Caused by: java.lang.NoClassDefFoundError: jakarta/servlet/Servlet
	at java.base/java.lang.Class.getDeclaredMethods0(Native Method)
	at java.base/java.lang.Class.privateGetDeclaredMethods(Class.java:3578)
	at java.base/java.lang.Class.getDeclaredMethods(Class.java:2676)
	at org.springframework.util.ReflectionUtils.getDeclaredMethods(ReflectionUtils.java:465)
	... 35 common frames omitted
Caused by: java.lang.ClassNotFoundException: jakarta.servlet.Servlet
	at java.base/jdk.internal.loader.BuiltinClassLoader.loadClass(BuiltinClassLoader.java:641)
	at java.base/jdk.internal.loader.ClassLoaders$AppClassLoader.loadClass(ClassLoaders.java:188)
	at java.base/java.lang.ClassLoader.loadClass(ClassLoader.java:526)
	at java.base/java.lang.Class.forName0(Native Method)
	at java.base/java.lang.Class.forName(Class.java:534)
	at java.base/java.lang.Class.forName(Class.java:513)
	at org.springframework.boot.devtools.restart.classloader.RestartClassLoader.loadClass(RestartClassLoader.java:121)
	at java.base/java.lang.ClassLoader.loadClass(ClassLoader.java:526)
	... 39 common frames omitted
